2020-11-30 16:24:04.783 [main] INFO  com.example.demo.DemoApplication -Starting DemoApplication using Java 11.0.8 on Siyas-MacBook-Air.local with PID 11131 (/Users/SiyaYan/Desktop/examples/demo/target/classes started by SiyaYan in /Users/SiyaYan/Desktop/examples/demo)
2020-11-30 16:24:04.794 [main] DEBUG com.example.demo.DemoApplication -Running with Spring Boot v2.4.0, Spring v5.3.1
2020-11-30 16:24:04.796 [main] INFO  com.example.demo.DemoApplication -No active profile set, falling back to default profiles: default
2020-11-30 16:24:07.076 [main] INFO  o.s.d.r.c.RepositoryConfigurationDelegate -Multiple Spring Data modules found, entering strict repository configuration mode!
2020-11-30 16:24:07.088 [main] INFO  o.s.d.r.c.RepositoryConfigurationDelegate -Bootstrapping Spring Data Redis repositories in DEFAULT mode.
2020-11-30 16:24:07.177 [main] INFO  o.s.d.r.c.RepositoryConfigurationDelegate -Finished Spring Data repository scanning in 30 ms. Found 0 Redis repository interfaces.
2020-11-30 16:24:09.648 [main] INFO  o.s.b.w.e.tomcat.TomcatWebServer -Tomcat initialized with port(s): 8080 (http)
2020-11-30 16:24:09.697 [main] INFO  o.a.coyote.http11.Http11NioProtocol -Initializing ProtocolHandler ["http-nio-8080"]
2020-11-30 16:24:09.698 [main] INFO  o.a.catalina.core.StandardService -Starting service [Tomcat]
2020-11-30 16:24:09.699 [main] INFO  o.a.catalina.core.StandardEngine -Starting Servlet engine: [Apache Tomcat/9.0.39]
2020-11-30 16:24:10.048 [main] INFO  o.a.c.c.C.[Tomcat].[localhost].[/] -Initializing Spring embedded WebApplicationContext
2020-11-30 16:24:10.049 [main] INFO  o.s.b.w.s.c.ServletWebServerApplicationContext -Root WebApplicationContext: initialization completed in 4972 ms
2020-11-30 16:24:14.853 [main] INFO  o.s.s.c.ThreadPoolTaskExecutor -Initializing ExecutorService 'applicationTaskExecutor'
2020-11-30 16:24:15.892 [main] INFO  o.a.coyote.http11.Http11NioProtocol -Starting ProtocolHandler ["http-nio-8080"]
2020-11-30 16:24:15.939 [main] INFO  o.s.b.w.e.tomcat.TomcatWebServer -Tomcat started on port(s): 8080 (http) with context path ''
2020-11-30 16:24:16.555 [main] INFO  o.s.s.a.ScheduledAnnotationBeanPostProcessor -No TaskScheduler/ScheduledExecutorService bean found for scheduled processing
2020-11-30 16:24:16.583 [main] INFO  com.example.demo.DemoApplication -Started DemoApplication in 13.781 seconds (JVM running for 15.063)
2020-11-30 16:24:44.511 [http-nio-8080-exec-1] INFO  o.a.c.c.C.[Tomcat].[localhost].[/] -Initializing Spring DispatcherServlet 'dispatcherServlet'
2020-11-30 16:24:44.516 [http-nio-8080-exec-1] INFO  o.s.web.servlet.DispatcherServlet -Initializing Servlet 'dispatcherServlet'
2020-11-30 16:24:44.575 [http-nio-8080-exec-1] INFO  o.s.web.servlet.DispatcherServlet -Completed initialization in 58 ms
2020-11-30 16:24:57.618 [http-nio-8080-exec-2] INFO  com.zaxxer.hikari.HikariDataSource -HikariPool-1 - Starting...
2020-11-30 16:25:00.208 [http-nio-8080-exec-2] INFO  com.zaxxer.hikari.HikariDataSource -HikariPool-1 - Start completed.
2020-11-30 16:27:32.028 [main] INFO  com.example.demo.DemoApplication -Starting DemoApplication using Java 11.0.8 on Siyas-MacBook-Air.local with PID 11213 (/Users/SiyaYan/Desktop/examples/demo/target/classes started by SiyaYan in /Users/SiyaYan/Desktop/examples/demo)
2020-11-30 16:27:32.032 [main] DEBUG com.example.demo.DemoApplication -Running with Spring Boot v2.4.0, Spring v5.3.1
2020-11-30 16:27:32.033 [main] INFO  com.example.demo.DemoApplication -No active profile set, falling back to default profiles: default
2020-11-30 16:27:33.612 [main] INFO  o.s.d.r.c.RepositoryConfigurationDelegate -Multiple Spring Data modules found, entering strict repository configuration mode!
2020-11-30 16:27:33.617 [main] INFO  o.s.d.r.c.RepositoryConfigurationDelegate -Bootstrapping Spring Data Redis repositories in DEFAULT mode.
2020-11-30 16:27:33.655 [main] INFO  o.s.d.r.c.RepositoryConfigurationDelegate -Finished Spring Data repository scanning in 12 ms. Found 0 Redis repository interfaces.
2020-11-30 16:27:34.775 [main] INFO  o.s.b.w.e.tomcat.TomcatWebServer -Tomcat initialized with port(s): 8080 (http)
2020-11-30 16:27:34.793 [main] INFO  o.a.coyote.http11.Http11NioProtocol -Initializing ProtocolHandler ["http-nio-8080"]
2020-11-30 16:27:34.795 [main] INFO  o.a.catalina.core.StandardService -Starting service [Tomcat]
2020-11-30 16:27:34.796 [main] INFO  o.a.catalina.core.StandardEngine -Starting Servlet engine: [Apache Tomcat/9.0.39]
2020-11-30 16:27:34.950 [main] INFO  o.a.c.c.C.[Tomcat].[localhost].[/] -Initializing Spring embedded WebApplicationContext
2020-11-30 16:27:34.950 [main] INFO  o.s.b.w.s.c.ServletWebServerApplicationContext -Root WebApplicationContext: initialization completed in 2799 ms
2020-11-30 16:27:37.217 [main] INFO  o.s.s.c.ThreadPoolTaskExecutor -Initializing ExecutorService 'applicationTaskExecutor'
2020-11-30 16:27:37.586 [main] INFO  o.a.coyote.http11.Http11NioProtocol -Starting ProtocolHandler ["http-nio-8080"]
2020-11-30 16:27:37.593 [main] WARN  o.s.b.w.s.c.AnnotationConfigServletWebServerApplicationContext -Exception encountered during context initialization - cancelling refresh attempt: org.springframework.context.ApplicationContextException: Failed to start bean 'webServerStartStop'; nested exception is org.springframework.boot.web.server.PortInUseException: Port 8080 is already in use
2020-11-30 16:27:37.594 [main] INFO  o.s.s.c.ThreadPoolTaskExecutor -Shutting down ExecutorService 'applicationTaskExecutor'
2020-11-30 16:27:37.774 [main] INFO  o.a.coyote.http11.Http11NioProtocol -Pausing ProtocolHandler ["http-nio-8080"]
2020-11-30 16:27:37.774 [main] INFO  o.a.catalina.core.StandardService -Stopping service [Tomcat]
2020-11-30 16:27:37.783 [main] INFO  o.a.coyote.http11.Http11NioProtocol -Stopping ProtocolHandler ["http-nio-8080"]
2020-11-30 16:27:37.784 [main] INFO  o.a.coyote.http11.Http11NioProtocol -Destroying ProtocolHandler ["http-nio-8080"]
2020-11-30 16:27:37.798 [main] INFO  o.s.b.a.l.ConditionEvaluationReportLoggingListener -

Error starting ApplicationContext. To display the conditions report re-run your application with 'debug' enabled.
2020-11-30 16:27:37.818 [main] ERROR o.s.b.d.LoggingFailureAnalysisReporter -

***************************
APPLICATION FAILED TO START
***************************

Description:

Web server failed to start. Port 8080 was already in use.

Action:

Identify and stop the process that's listening on port 8080 or configure this application to listen on another port.

2020-11-30 16:28:57.985 [main] INFO  com.example.demo.DemoApplication -Starting DemoApplication using Java 11.0.8 on Siyas-MacBook-Air.local with PID 11238 (/Users/SiyaYan/Desktop/examples/demo/target/classes started by SiyaYan in /Users/SiyaYan/Desktop/examples/demo)
2020-11-30 16:28:57.991 [main] DEBUG com.example.demo.DemoApplication -Running with Spring Boot v2.4.0, Spring v5.3.1
2020-11-30 16:28:57.992 [main] INFO  com.example.demo.DemoApplication -No active profile set, falling back to default profiles: default
2020-11-30 16:28:59.143 [main] INFO  o.s.d.r.c.RepositoryConfigurationDelegate -Multiple Spring Data modules found, entering strict repository configuration mode!
2020-11-30 16:28:59.147 [main] INFO  o.s.d.r.c.RepositoryConfigurationDelegate -Bootstrapping Spring Data Redis repositories in DEFAULT mode.
2020-11-30 16:28:59.179 [main] INFO  o.s.d.r.c.RepositoryConfigurationDelegate -Finished Spring Data repository scanning in 13 ms. Found 0 Redis repository interfaces.
2020-11-30 16:29:00.183 [main] INFO  o.s.b.w.e.tomcat.TomcatWebServer -Tomcat initialized with port(s): 8080 (http)
2020-11-30 16:29:00.198 [main] INFO  o.a.coyote.http11.Http11NioProtocol -Initializing ProtocolHandler ["http-nio-8080"]
2020-11-30 16:29:00.198 [main] INFO  o.a.catalina.core.StandardService -Starting service [Tomcat]
2020-11-30 16:29:00.199 [main] INFO  o.a.catalina.core.StandardEngine -Starting Servlet engine: [Apache Tomcat/9.0.39]
2020-11-30 16:29:00.327 [main] INFO  o.a.c.c.C.[Tomcat].[localhost].[/] -Initializing Spring embedded WebApplicationContext
2020-11-30 16:29:00.327 [main] INFO  o.s.b.w.s.c.ServletWebServerApplicationContext -Root WebApplicationContext: initialization completed in 2225 ms
2020-11-30 16:29:01.859 [main] INFO  o.s.s.c.ThreadPoolTaskExecutor -Initializing ExecutorService 'applicationTaskExecutor'
2020-11-30 16:29:02.222 [main] INFO  o.a.coyote.http11.Http11NioProtocol -Starting ProtocolHandler ["http-nio-8080"]
2020-11-30 16:29:02.258 [main] INFO  o.s.b.w.e.tomcat.TomcatWebServer -Tomcat started on port(s): 8080 (http) with context path ''
2020-11-30 16:29:02.801 [main] INFO  o.s.s.a.ScheduledAnnotationBeanPostProcessor -No TaskScheduler/ScheduledExecutorService bean found for scheduled processing
2020-11-30 16:29:02.820 [main] INFO  com.example.demo.DemoApplication -Started DemoApplication in 5.931 seconds (JVM running for 6.632)
2020-11-30 16:29:17.223 [http-nio-8080-exec-1] INFO  o.a.c.c.C.[Tomcat].[localhost].[/] -Initializing Spring DispatcherServlet 'dispatcherServlet'
2020-11-30 16:29:17.226 [http-nio-8080-exec-1] INFO  o.s.web.servlet.DispatcherServlet -Initializing Servlet 'dispatcherServlet'
2020-11-30 16:29:17.228 [http-nio-8080-exec-1] INFO  o.s.web.servlet.DispatcherServlet -Completed initialization in 1 ms
2020-11-30 16:29:17.341 [http-nio-8080-exec-1] INFO  com.zaxxer.hikari.HikariDataSource -HikariPool-1 - Starting...
2020-11-30 16:29:18.239 [http-nio-8080-exec-1] INFO  com.zaxxer.hikari.HikariDataSource -HikariPool-1 - Start completed.
2020-11-30 16:30:11.333 [main] INFO  com.example.demo.DemoApplication -Starting DemoApplication using Java 11.0.8 on Siyas-MacBook-Air.local with PID 11264 (/Users/SiyaYan/Desktop/examples/demo/target/classes started by SiyaYan in /Users/SiyaYan/Desktop/examples/demo)
2020-11-30 16:30:11.340 [main] DEBUG com.example.demo.DemoApplication -Running with Spring Boot v2.4.0, Spring v5.3.1
2020-11-30 16:30:11.341 [main] INFO  com.example.demo.DemoApplication -No active profile set, falling back to default profiles: default
2020-11-30 16:30:12.811 [main] INFO  o.s.d.r.c.RepositoryConfigurationDelegate -Multiple Spring Data modules found, entering strict repository configuration mode!
2020-11-30 16:30:12.821 [main] INFO  o.s.d.r.c.RepositoryConfigurationDelegate -Bootstrapping Spring Data Redis repositories in DEFAULT mode.
2020-11-30 16:30:12.862 [main] INFO  o.s.d.r.c.RepositoryConfigurationDelegate -Finished Spring Data repository scanning in 11 ms. Found 0 Redis repository interfaces.
2020-11-30 16:30:14.355 [main] INFO  o.s.b.w.e.tomcat.TomcatWebServer -Tomcat initialized with port(s): 8080 (http)
2020-11-30 16:30:14.402 [main] INFO  o.a.coyote.http11.Http11NioProtocol -Initializing ProtocolHandler ["http-nio-8080"]
2020-11-30 16:30:14.404 [main] INFO  o.a.catalina.core.StandardService -Starting service [Tomcat]
2020-11-30 16:30:14.404 [main] INFO  o.a.catalina.core.StandardEngine -Starting Servlet engine: [Apache Tomcat/9.0.39]
2020-11-30 16:30:14.536 [main] INFO  o.a.c.c.C.[Tomcat].[localhost].[/] -Initializing Spring embedded WebApplicationContext
2020-11-30 16:30:14.537 [main] INFO  o.s.b.w.s.c.ServletWebServerApplicationContext -Root WebApplicationContext: initialization completed in 3089 ms
2020-11-30 16:30:16.407 [main] INFO  o.s.s.c.ThreadPoolTaskExecutor -Initializing ExecutorService 'applicationTaskExecutor'
2020-11-30 16:30:16.747 [main] INFO  o.a.coyote.http11.Http11NioProtocol -Starting ProtocolHandler ["http-nio-8080"]
2020-11-30 16:30:16.765 [main] INFO  o.s.b.w.e.tomcat.TomcatWebServer -Tomcat started on port(s): 8080 (http) with context path ''
2020-11-30 16:30:17.352 [main] INFO  o.s.s.a.ScheduledAnnotationBeanPostProcessor -No TaskScheduler/ScheduledExecutorService bean found for scheduled processing
2020-11-30 16:30:17.366 [main] INFO  com.example.demo.DemoApplication -Started DemoApplication in 7.051 seconds (JVM running for 7.873)
2020-11-30 16:30:25.182 [http-nio-8080-exec-1] INFO  o.a.c.c.C.[Tomcat].[localhost].[/] -Initializing Spring DispatcherServlet 'dispatcherServlet'
2020-11-30 16:30:25.184 [http-nio-8080-exec-1] INFO  o.s.web.servlet.DispatcherServlet -Initializing Servlet 'dispatcherServlet'
2020-11-30 16:30:25.187 [http-nio-8080-exec-1] INFO  o.s.web.servlet.DispatcherServlet -Completed initialization in 3 ms
